2024-12-06 06:53:27,203 - Error pada link https://dapo.kemdikbud.go.id/sekolah/FF321CA243B0CCDB1480                                                                                : Elemen 'container isi' tidak ditemukan.
2024-12-06 06:55:01,098 - Error pada link https://dapo.kemdikbud.go.id/sekolah/98E4440AD59081D512D0                                                                                : 'NoneType' object has no attribute 'findAll'
2024-12-06 06:56:14,340 - Error pada link https://dapo.kemdikbud.go.id/sekolah/C3C0C1CCBD0D451C0A4C                                                                                : 'NoneType' object has no attribute 'findAll'
2024-12-06 06:56:52,822 - Error pada link https://dapo.kemdikbud.go.id/sekolah/7DB7C84CF94B6FBF04B1                                                                                : 'NoneType' object has no attribute 'get_text'
2024-12-06 07:00:47,701 - Error pada link https://dapo.kemdikbud.go.id/sekolah/9378566AA5939686AC97                                                                                : list index out of range
2024-12-06 07:06:37,180 - Error pada link https://dapo.kemdikbud.go.id/sekolah/7371DCF86800CE0108DD                                                                                : 'NoneType' object has no attribute 'findAll'
2024-12-06 07:06:47,955 - Error pada link https://dapo.kemdikbud.go.id/sekolah/741CFCA125D4FD0A399F                                                                                : Elemen 'container isi' tidak ditemukan.
2024-12-06 07:10:58,522 - Error pada link https://dapo.kemdikbud.go.id/sekolah/51BE7C3912AA593FA34D                                                                                : 'NoneType' object has no attribute 'get_text'
2024-12-06 07:11:14,550 - Error pada link https://dapo.kemdikbud.go.id/sekolah/4E044FCA311DAA2BC2BD                                                                                : 'NoneType' object has no attribute 'get_text'
2024-12-06 07:13:15,998 - Error pada link https://dapo.kemdikbud.go.id/sekolah/6F2E8C3B504C09C4837B                                                                                : 'NoneType' object has no attribute 'find_all'
2024-12-06 07:13:32,825 - Error pada link https://dapo.kemdikbud.go.id/sekolah/090A1C0691B4B6793C96                                                                                : Elemen 'container isi' tidak ditemukan.
2024-12-06 07:19:03,495 - Error pada link https://dapo.kemdikbud.go.id/sekolah/94244D1019D3C6496C3E                                                                                : list index out of range
2024-12-06 07:25:06,582 - Error pada link https://dapo.kemdikbud.go.id/sekolah/374F87E494BC514F3736                                                                                : list index out of range
2024-12-06 07:26:41,349 - Error pada link https://dapo.kemdikbud.go.id/sekolah/6954BEAE1B522EDAD92C                                                                                : 'NoneType' object has no attribute 'findAll'
2024-12-06 07:29:49,050 - Error pada link https://dapo.kemdikbud.go.id/sekolah/FE563477EFEBC269EC58                                                                                : Elemen 'container isi' tidak ditemukan.
2024-12-06 07:30:21,117 - Error pada link https://dapo.kemdikbud.go.id/sekolah/542B48A720C2AD1CA5BD                                                                                : list index out of range
2024-12-06 07:30:50,124 - Error pada link https://dapo.kemdikbud.go.id/sekolah/88C902BA9CC47177CFE7                                                                                : list index out of range
2024-12-06 07:33:12,975 - Error pada link https://dapo.kemdikbud.go.id/sekolah/9AFBCACC73C396C6124C                                                                                : 'NoneType' object has no attribute 'get_text'
2024-12-06 07:38:45,797 - Error pada link https://dapo.kemdikbud.go.id/sekolah/40562F01995F414D4451                                                                                : 'NoneType' object has no attribute 'findAll'
2024-12-06 07:40:46,536 - Error pada link https://dapo.kemdikbud.go.id/sekolah/3D583D683B65187CFB72                                                                                : 'NoneType' object has no attribute 'findAll'
2024-12-06 07:42:54,625 - Error pada link https://dapo.kemdikbud.go.id/sekolah/E7265C9ADB8D383D0662                                                                                : 'NoneType' object has no attribute 'findAll'
2024-12-06 07:43:02,415 - Error pada link https://dapo.kemdikbud.go.id/sekolah/7075F2C745DB3C0210E7                                                                                : 'NoneType' object has no attribute 'find_all'
2024-12-06 07:45:35,673 - Error pada link https://dapo.kemdikbud.go.id/sekolah/D0141A56DD0B8BF88715                                                                                : 'NoneType' object has no attribute 'findAll'
2024-12-06 07:48:41,593 - Error pada link https://dapo.kemdikbud.go.id/sekolah/A93EF94E9BA254D5B4D9                                                                                : 'NoneType' object has no attribute 'get_text'
2024-12-06 07:51:31,079 - Error pada link https://dapo.kemdikbud.go.id/sekolah/F414DB55546A1B5F3B34                                                                                : 'NoneType' object has no attribute 'findAll'
2024-12-06 07:52:46,708 - Error pada link https://dapo.kemdikbud.go.id/sekolah/E70D44C9B7CA64DCFB38                                                                                : Elemen 'container isi' tidak ditemukan.
2024-12-06 07:56:09,825 - Error pada link https://dapo.kemdikbud.go.id/sekolah/8153A98FEBF184BE6BBB                                                                                : list index out of range
2024-12-06 07:57:04,714 - Error pada link https://dapo.kemdikbud.go.id/sekolah/03D15FFD87CDE3E9F76D                                                                                : list index out of range
2024-12-06 07:57:44,046 - Error pada link https://dapo.kemdikbud.go.id/sekolah/AB0E6B621E961B62A451                                                                                : Elemen 'container isi' tidak ditemukan.
2024-12-06 08:01:31,979 - Error pada link https://dapo.kemdikbud.go.id/sekolah/91D3591FE38231EEE553                                                                                : Elemen 'container isi' tidak ditemukan.
2024-12-06 08:11:15,554 - Error pada link https://dapo.kemdikbud.go.id/sekolah/11BFBC5B6270D17B4E76                                                                                : list index out of range
2024-12-06 08:15:08,745 - Error pada link https://dapo.kemdikbud.go.id/sekolah/83CA5524F0BCA3FDB537                                                                                : Elemen 'container isi' tidak ditemukan.
2024-12-06 08:15:54,366 - Error pada link https://dapo.kemdikbud.go.id/sekolah/CE29697079BD2EB740D8                                                                                : list index out of range
2024-12-06 08:17:41,656 - Error pada link https://dapo.kemdikbud.go.id/sekolah/34A38350D260CE8F5062                                                                                : 'NoneType' object has no attribute 'find_all'
2024-12-06 08:18:42,587 - Error pada link https://dapo.kemdikbud.go.id/sekolah/AA0BF7CDA81AF4F84180                                                                                : list index out of range
2024-12-06 08:19:55,237 - Error pada link https://dapo.kemdikbud.go.id/sekolah/621850802D375682BE35                                                                                : 'NoneType' object has no attribute 'find_all'
2024-12-06 08:22:28,660 - Error pada link https://dapo.kemdikbud.go.id/sekolah/D5054D0078E3AB25D015                                                                                : 'NoneType' object has no attribute 'get_text'
2024-12-06 08:25:10,760 - Error pada link https://dapo.kemdikbud.go.id/sekolah/725CBEF86CCEF8BB5124                                                                                : list index out of range
2024-12-06 08:27:22,631 - Error pada link https://dapo.kemdikbud.go.id/sekolah/8B1CA6A76D236FF5B4D5                                                                                : 'NoneType' object has no attribute 'findAll'
2024-12-06 08:28:58,243 - Error pada link https://dapo.kemdikbud.go.id/sekolah/6700D9C40BC178FA6056                                                                                : 'NoneType' object has no attribute 'find_all'
2024-12-06 08:31:00,588 - Error pada link https://dapo.kemdikbud.go.id/sekolah/4607A1507BB486E74E9C                                                                                : 'NoneType' object has no attribute 'findAll'
2024-12-06 08:31:39,473 - Error pada link https://dapo.kemdikbud.go.id/sekolah/C04C8D609DFDBC9EF0A3                                                                                : 'NoneType' object has no attribute 'get_text'
2024-12-06 08:34:50,623 - Error pada link https://dapo.kemdikbud.go.id/sekolah/30A8119B3A78E3094F5E                                                                                : 'NoneType' object has no attribute 'get_text'
2024-12-06 08:39:31,479 - Error pada link https://dapo.kemdikbud.go.id/sekolah/1E77DD7897A076CC728E                                                                                : 'NoneType' object has no attribute 'findAll'
2024-12-06 08:40:49,915 - Error pada link https://dapo.kemdikbud.go.id/sekolah/9AE24D2FF47F98F23754                                                                                : 'NoneType' object has no attribute 'find_all'
2024-12-06 08:42:02,226 - Error pada link https://dapo.kemdikbud.go.id/sekolah/76131AFE9FCE5C7151CD                                                                                : 'NoneType' object has no attribute 'findAll'
2024-12-06 08:47:13,842 - Error pada link https://dapo.kemdikbud.go.id/sekolah/A8D25345FBD7D54DE965                                                                                : list index out of range
2024-12-06 08:47:47,174 - Error pada link https://dapo.kemdikbud.go.id/sekolah/9F62317CB144A50A39FB                                                                                : 'NoneType' object has no attribute 'get_text'
2024-12-06 08:48:23,615 - Error pada link https://dapo.kemdikbud.go.id/sekolah/729F4067A24AA02949FE                                                                                : Elemen 'container isi' tidak ditemukan.
2024-12-06 08:49:25,535 - Error pada link https://dapo.kemdikbud.go.id/sekolah/2B87E4EF16EF5ACEA68D                                                                                : list index out of range
2024-12-06 08:50:28,512 - Error pada link https://dapo.kemdikbud.go.id/sekolah/DBD18770D2A908240481                                                                                : 'NoneType' object has no attribute 'findAll'
2024-12-06 08:51:13,604 - Error pada link https://dapo.kemdikbud.go.id/sekolah/E787D2167F9A12960DF5                                                                                : 'NoneType' object has no attribute 'findAll'
2024-12-06 08:52:32,617 - Error pada link https://dapo.kemdikbud.go.id/sekolah/6A06177C2F58BF7B2C50                                                                                : 'NoneType' object has no attribute 'findAll'
2024-12-06 08:55:57,289 - Error pada link https://dapo.kemdikbud.go.id/sekolah/7DC7BCCF6FDC79ADA04F                                                                                : 'NoneType' object has no attribute 'get_text'
2024-12-06 08:56:40,333 - Error pada link https://dapo.kemdikbud.go.id/sekolah/942D5AB81A30BE4CD2B9                                                                                : 'NoneType' object has no attribute 'findAll'
2024-12-06 08:59:01,944 - Error pada link https://dapo.kemdikbud.go.id/sekolah/A45783EDFE4E6E4E3656                                                                                : list index out of range
2024-12-06 09:01:43,334 - Error pada link https://dapo.kemdikbud.go.id/sekolah/2D97B812B715BE7B622E                                                                                : 'NoneType' object has no attribute 'findAll'
2024-12-06 09:02:19,080 - Error pada link https://dapo.kemdikbud.go.id/sekolah/E018E2A2CF9B7795D36C                                                                                : list index out of range
2024-12-06 09:05:06,231 - Error pada link https://dapo.kemdikbud.go.id/sekolah/EF295CBFF3BBDEA5FE51                                                                                : 'NoneType' object has no attribute 'findAll'
2024-12-06 09:05:51,395 - Error pada link https://dapo.kemdikbud.go.id/sekolah/7B289B1FA9145C840DED                                                                                : 'NoneType' object has no attribute 'find_all'
2024-12-06 09:06:53,630 - Error pada link https://dapo.kemdikbud.go.id/sekolah/24B1A466FDF0A88CF0D5                                                                                : 'NoneType' object has no attribute 'findAll'
2024-12-06 09:09:15,280 - Error pada link https://dapo.kemdikbud.go.id/sekolah/F8FC27F00C3443AAF159                                                                                : 'NoneType' object has no attribute 'findAll'
2024-12-06 09:09:24,118 - Error pada link https://dapo.kemdikbud.go.id/sekolah/DC945D791B8DCFCCB3E5                                                                                : Elemen 'container isi' tidak ditemukan.
2024-12-06 09:11:57,919 - Error pada link https://dapo.kemdikbud.go.id/sekolah/4BFAE8D1F68D656F7BBD                                                                                : 'NoneType' object has no attribute 'findAll'
2024-12-06 09:14:30,468 - Error pada link https://dapo.kemdikbud.go.id/sekolah/E4E022137F0788CA057D                                                                                : 'NoneType' object has no attribute 'findAll'
2024-12-06 09:14:59,966 - Error pada link https://dapo.kemdikbud.go.id/sekolah/58E23211F2325352C4E1                                                                                : 'NoneType' object has no attribute 'findAll'
2024-12-06 09:17:15,603 - Error pada link https://dapo.kemdikbud.go.id/sekolah/0A63AFF1D0F740DFB620                                                                                : 'NoneType' object has no attribute 'get_text'
2024-12-06 09:17:53,628 - Error pada link https://dapo.kemdikbud.go.id/sekolah/15DEB5B07749510E99C0                                                                                : 'NoneType' object has no attribute 'findAll'
2024-12-06 09:18:20,218 - Error pada link https://dapo.kemdikbud.go.id/sekolah/95B9A85D6968EBB8676C                                                                                : 'NoneType' object has no attribute 'get_text'
2024-12-06 09:19:05,854 - Error pada link https://dapo.kemdikbud.go.id/sekolah/55B3B8A5D47CCCFCA129                                                                                : 'NoneType' object has no attribute 'get_text'
2024-12-06 09:21:40,962 - Error pada link https://dapo.kemdikbud.go.id/sekolah/945675FEC32E03591FA4                                                                                : 'NoneType' object has no attribute 'get_text'
2024-12-06 09:23:49,382 - Error pada link https://dapo.kemdikbud.go.id/sekolah/122E55A6AD06394A5FAF                                                                                : 'NoneType' object has no attribute 'findAll'
2024-12-06 09:23:56,919 - Error pada link https://dapo.kemdikbud.go.id/sekolah/F6D7863D7927A344AB56                                                                                : list index out of range
2024-12-06 09:24:18,980 - Error pada link https://dapo.kemdikbud.go.id/sekolah/AE6835E7F06EFFF834A0                                                                                : 'NoneType' object has no attribute 'get_text'
2024-12-06 09:24:37,983 - Error pada link https://dapo.kemdikbud.go.id/sekolah/DE9D8BC5FAED453D5FAB                                                                                : list index out of range
2024-12-06 09:24:52,728 - Error pada link https://dapo.kemdikbud.go.id/sekolah/6C2A5C84B52FC187E453                                                                                : 'NoneType' object has no attribute 'findAll'
2024-12-06 09:24:59,691 - Error pada link https://dapo.kemdikbud.go.id/sekolah/C5D0CC03C3414CD4DE76                                                                                : list index out of range
2024-12-06 09:25:16,159 - Error pada link https://dapo.kemdikbud.go.id/sekolah/42E2A6C393BE9D38A2F3                                                                                : list index out of range
2024-12-06 09:26:06,869 - Error pada link https://dapo.kemdikbud.go.id/sekolah/C402CE2E21DFEA9A3A66                                                                                : 'NoneType' object has no attribute 'findAll'
2024-12-06 09:28:28,183 - Error pada link https://dapo.kemdikbud.go.id/sekolah/73677A7F3A534F1BB912                                                                                : 'NoneType' object has no attribute 'get_text'
2024-12-06 09:32:38,225 - Error pada link https://dapo.kemdikbud.go.id/sekolah/B58ED67E43B9FAD2B0AD                                                                                : Elemen 'container isi' tidak ditemukan.
2024-12-06 09:36:22,045 - Error pada link https://dapo.kemdikbud.go.id/sekolah/3E35DB99B691653BA86A                                                                                : 'NoneType' object has no attribute 'find_all'
2024-12-06 09:38:42,385 - Error pada link https://dapo.kemdikbud.go.id/sekolah/55EBD2734823793479C3                                                                                : 'NoneType' object has no attribute 'get_text'
2024-12-06 09:41:12,260 - Error pada link https://dapo.kemdikbud.go.id/sekolah/2D55DD013E9E47DFFB03                                                                                : 'NoneType' object has no attribute 'findAll'
2024-12-06 09:46:04,552 - Error pada link https://dapo.kemdikbud.go.id/sekolah/2ED9923D806C0CCE3B16                                                                                : 'NoneType' object has no attribute 'get_text'
2024-12-06 09:46:16,709 - Error pada link https://dapo.kemdikbud.go.id/sekolah/DFCBDE049D88D65170E2                                                                                : 'NoneType' object has no attribute 'get_text'
2024-12-06 09:49:57,714 - Error pada link https://dapo.kemdikbud.go.id/sekolah/2B735BCD9AAC9975BE50                                                                                : 'NoneType' object has no attribute 'get_text'
2024-12-06 09:52:40,296 - Error pada link https://dapo.kemdikbud.go.id/sekolah/8F86C1530635FA58B883                                                                                : list index out of range
2024-12-06 09:59:53,051 - Error pada link https://dapo.kemdikbud.go.id/sekolah/AD2002CA193A429715CC                                                                                : 'NoneType' object has no attribute 'findAll'
2024-12-06 10:00:58,522 - Error pada link https://dapo.kemdikbud.go.id/sekolah/0C4CCA80C60BEFFC98D4                                                                                : 'NoneType' object has no attribute 'get_text'
2024-12-06 10:01:00,444 - Error pada link https://dapo.kemdikbud.go.id/sekolah/EAD962AF8CB31E7B531E                                                                                : Elemen 'container isi' tidak ditemukan.
2024-12-06 10:01:41,832 - Error pada link https://dapo.kemdikbud.go.id/sekolah/0530567EACF7E8DA3FC2                                                                                : list index out of range
2024-12-06 10:02:19,729 - Error pada link https://dapo.kemdikbud.go.id/sekolah/BF0CE613975489CE8B99                                                                                : list index out of range
2024-12-06 10:05:28,893 - Error pada link https://dapo.kemdikbud.go.id/sekolah/E71C2533743DFB9E1EC7                                                                                : list index out of range
2024-12-06 10:07:05,410 - Error pada link https://dapo.kemdikbud.go.id/sekolah/5BED2A029166A79CC359                                                                                : 'NoneType' object has no attribute 'findAll'
2024-12-06 10:07:37,403 - Error pada link https://dapo.kemdikbud.go.id/sekolah/6D009A5291D49A86E2DB                                                                                : 'NoneType' object has no attribute 'findAll'
2024-12-06 10:11:07,713 - Error pada link https://dapo.kemdikbud.go.id/sekolah/709506381E6AEE5CC6F5                                                                                : 'NoneType' object has no attribute 'get_text'
2024-12-06 10:12:19,132 - Error pada link https://dapo.kemdikbud.go.id/sekolah/42574B41BD7BE675C62A                                                                                : 'NoneType' object has no attribute 'find_all'
2024-12-06 10:12:45,677 - Error pada link https://dapo.kemdikbud.go.id/sekolah/75027B01137E7DDDE388                                                                                : list index out of range
2024-12-06 10:15:29,585 - Error pada link https://dapo.kemdikbud.go.id/sekolah/22324ACF7EFDA8FE58CE                                                                                : list index out of range
2024-12-06 10:16:14,659 - Error pada link https://dapo.kemdikbud.go.id/sekolah/56800085F3E49B135CE1                                                                                : 'NoneType' object has no attribute 'find_all'
2024-12-06 10:19:00,969 - Error pada link https://dapo.kemdikbud.go.id/sekolah/2EC7B17FD7D2D1D742C9                                                                                : 'NoneType' object has no attribute 'findAll'
2024-12-06 10:19:04,485 - Error pada link https://dapo.kemdikbud.go.id/sekolah/3A4988D0CE5613A7D268                                                                                : Elemen 'container isi' tidak ditemukan.
2024-12-06 10:22:16,570 - Error pada link https://dapo.kemdikbud.go.id/sekolah/6BBA41CF50B4E0809C35                                                                                : 'NoneType' object has no attribute 'find_all'
2024-12-06 10:24:16,082 - Error pada link https://dapo.kemdikbud.go.id/sekolah/604C012FFD35B4959905                                                                                : Elemen 'container isi' tidak ditemukan.
2024-12-06 10:31:18,802 - Error pada link https://dapo.kemdikbud.go.id/sekolah/F679EE13C1FE5E1F329C                                                                                : 'NoneType' object has no attribute 'findAll'
2024-12-06 10:34:16,844 - Error pada link https://dapo.kemdikbud.go.id/sekolah/C5035BA28D2D42B286E5                                                                                : 'NoneType' object has no attribute 'get_text'
2024-12-06 10:36:47,980 - Error pada link https://dapo.kemdikbud.go.id/sekolah/94B7A5EB2074CC3AE16C                                                                                : Elemen 'container isi' tidak ditemukan.
2024-12-06 10:39:11,444 - Error pada link https://dapo.kemdikbud.go.id/sekolah/3A98018D1DB7BEEFD17D                                                                                : Elemen 'container isi' tidak ditemukan.
2024-12-06 10:42:09,900 - Error pada link https://dapo.kemdikbud.go.id/sekolah/F9BC69D2B81B923ABF41                                                                                : list index out of range
2024-12-06 10:42:33,746 - Error pada link https://dapo.kemdikbud.go.id/sekolah/73F79010386B131539C4                                                                                : 'NoneType' object has no attribute 'get_text'
2024-12-06 10:42:55,895 - Error pada link https://dapo.kemdikbud.go.id/sekolah/38222F62188BB06DA33D                                                                                : 'NoneType' object has no attribute 'find_all'
2024-12-06 10:44:24,922 - Error pada link https://dapo.kemdikbud.go.id/sekolah/1E53768B06A3A70867A4                                                                                : 'NoneType' object has no attribute 'findAll'
2024-12-06 10:45:16,293 - Error pada link https://dapo.kemdikbud.go.id/sekolah/537DE8E3D9B489EE605C                                                                                : 'NoneType' object has no attribute 'get_text'
2024-12-06 10:45:25,079 - Error pada link https://dapo.kemdikbud.go.id/sekolah/0A564D5D191D65817CDA                                                                                : 'NoneType' object has no attribute 'get_text'
2024-12-06 10:47:57,025 - Error pada link https://dapo.kemdikbud.go.id/sekolah/F62BCE32E5F8E8F2978A                                                                                : 'NoneType' object has no attribute 'get_text'
2024-12-06 10:48:21,810 - Error pada link https://dapo.kemdikbud.go.id/sekolah/4EB1E571F402D18621AA                                                                                : Elemen 'container isi' tidak ditemukan.
2024-12-06 10:48:44,828 - Error pada link https://dapo.kemdikbud.go.id/sekolah/A06826C1A69A2D51E1AD                                                                                : 'NoneType' object has no attribute 'find_all'
2024-12-06 10:54:16,780 - Error pada link https://dapo.kemdikbud.go.id/sekolah/0E32AA96490843FC8FDF                                                                                : 'NoneType' object has no attribute 'get_text'
2024-12-06 10:54:31,161 - Error pada link https://dapo.kemdikbud.go.id/sekolah/15E6F3C80926A240CA03                                                                                : Elemen 'container isi' tidak ditemukan.
2024-12-06 10:56:44,717 - Error pada link https://dapo.kemdikbud.go.id/sekolah/6084DD5F547381A83D96                                                                                : 'NoneType' object has no attribute 'get_text'
2024-12-06 10:58:04,975 - Error pada link https://dapo.kemdikbud.go.id/sekolah/E90BC75B0371598BB8F4                                                                                : 'NoneType' object has no attribute 'get_text'
2024-12-06 11:00:33,878 - Error pada link https://dapo.kemdikbud.go.id/sekolah/AB8FD21C6C6E22FC2210                                                                                : 'NoneType' object has no attribute 'get_text'
2024-12-06 11:00:41,853 - Error pada link https://dapo.kemdikbud.go.id/sekolah/0D277CD8450E66D624C1                                                                                : 'NoneType' object has no attribute 'findAll'
2024-12-06 11:01:23,948 - Error pada link https://dapo.kemdikbud.go.id/sekolah/407DA86845847ACFACE3                                                                                : 'NoneType' object has no attribute 'findAll'
2024-12-06 11:02:13,479 - Error pada link https://dapo.kemdikbud.go.id/sekolah/891F46342E38244CE847                                                                                : list index out of range
2024-12-06 11:02:32,230 - Error pada link https://dapo.kemdikbud.go.id/sekolah/CF854F78DF4613227BA3                                                                                : 'NoneType' object has no attribute 'get_text'
2024-12-06 11:09:06,314 - Error pada link https://dapo.kemdikbud.go.id/sekolah/6DBFC0B30B79559138B8                                                                                : 'NoneType' object has no attribute 'get_text'
2024-12-06 11:09:19,229 - Error pada link https://dapo.kemdikbud.go.id/sekolah/820D0A4DC4BDF7241B1D                                                                                : list index out of range
2024-12-06 11:17:19,773 - Error pada link https://dapo.kemdikbud.go.id/sekolah/4A28051FF36A17BFF407                                                                                : 'NoneType' object has no attribute 'get_text'
2024-12-06 11:19:37,913 - Error pada link https://dapo.kemdikbud.go.id/sekolah/4F9F08FED7AA25E897E2                                                                                : 'NoneType' object has no attribute 'find_all'
2024-12-06 11:20:37,372 - Error pada link https://dapo.kemdikbud.go.id/sekolah/B300BF30A37BFCA20AF8                                                                                : 'NoneType' object has no attribute 'find_all'
2024-12-06 11:20:46,694 - Error pada link https://dapo.kemdikbud.go.id/sekolah/4BA7EFF1EB45CB490B08                                                                                : 'NoneType' object has no attribute 'find_all'
2024-12-06 11:21:50,324 - Error pada link https://dapo.kemdikbud.go.id/sekolah/BE0C0161AA011F2E9262                                                                                : Elemen 'container isi' tidak ditemukan.
2024-12-06 11:22:52,115 - Error pada link https://dapo.kemdikbud.go.id/sekolah/046B70FE345EF6CE2A4C                                                                                : 'NoneType' object has no attribute 'get_text'
2024-12-06 11:23:44,953 - Error pada link https://dapo.kemdikbud.go.id/sekolah/973CC5395ED73C0A8D65                                                                                : Elemen 'container isi' tidak ditemukan.
2024-12-06 11:26:57,553 - Error pada link https://dapo.kemdikbud.go.id/sekolah/42606D8B4F4001D60B61                                                                                : Elemen 'container isi' tidak ditemukan.
2024-12-06 11:27:43,686 - Error pada link https://dapo.kemdikbud.go.id/sekolah/DD929481C060189888D1                                                                                : Elemen 'container isi' tidak ditemukan.
2024-12-06 11:33:03,404 - Error pada link https://dapo.kemdikbud.go.id/sekolah/A044F9EF75A4D3D6E451                                                                                : 'NoneType' object has no attribute 'get_text'
2024-12-06 11:34:25,585 - Error pada link https://dapo.kemdikbud.go.id/sekolah/8DA755A87BCC4E8E5390                                                                                : 'NoneType' object has no attribute 'find_all'
2024-12-06 11:34:59,516 - Error pada link https://dapo.kemdikbud.go.id/sekolah/430F46EA333678FBE3B8                                                                                : Elemen 'container isi' tidak ditemukan.
2024-12-06 11:35:41,621 - Error pada link https://dapo.kemdikbud.go.id/sekolah/DA5F4F177AFE52C6A5E6                                                                                : 'NoneType' object has no attribute 'get_text'
2024-12-06 11:36:27,649 - Error pada link https://dapo.kemdikbud.go.id/sekolah/AEE4A019F7E168FCE793                                                                                : 'NoneType' object has no attribute 'get_text'
2024-12-06 11:38:24,064 - Error pada link https://dapo.kemdikbud.go.id/sekolah/EA030B1D2982DEAC4C8E                                                                                : 'NoneType' object has no attribute 'get_text'
2024-12-06 11:39:43,111 - Error pada link https://dapo.kemdikbud.go.id/sekolah/5F5F75B0E7E091228FD5                                                                                : Elemen 'container isi' tidak ditemukan.
2024-12-06 11:39:57,355 - Error pada link https://dapo.kemdikbud.go.id/sekolah/ECDB26B918AE22DF5BBC                                                                                : Elemen 'container isi' tidak ditemukan.
2024-12-06 11:40:33,291 - Error pada link https://dapo.kemdikbud.go.id/sekolah/C457943C1D195E7C9A70                                                                                : 'NoneType' object has no attribute 'findAll'
2024-12-06 11:44:46,356 - Error pada link https://dapo.kemdikbud.go.id/sekolah/48A33DC507205918B0DC                                                                                : Elemen 'container isi' tidak ditemukan.
2024-12-06 11:45:44,442 - Error pada link https://dapo.kemdikbud.go.id/sekolah/690141873176C020E451                                                                                : 'NoneType' object has no attribute 'find_all'
2024-12-06 11:46:01,971 - Error pada link https://dapo.kemdikbud.go.id/sekolah/612CA6F448DF529EC977                                                                                : Elemen 'container isi' tidak ditemukan.
2024-12-06 11:47:19,352 - Error pada link https://dapo.kemdikbud.go.id/sekolah/7DDA28313EA850AF02D5                                                                                : Elemen 'container isi' tidak ditemukan.
2024-12-06 11:53:07,394 - Error pada link https://dapo.kemdikbud.go.id/sekolah/49E94D25F8C9739AFD2B                                                                                : list index out of range
2024-12-06 11:56:12,948 - Error pada link https://dapo.kemdikbud.go.id/sekolah/56DB755F62411F55AC19                                                                                : 'NoneType' object has no attribute 'find_all'
2024-12-06 11:56:39,996 - Error pada link https://dapo.kemdikbud.go.id/sekolah/B10D82985BBBBEB7279C                                                                                : list index out of range
2024-12-06 11:57:43,778 - Error pada link https://dapo.kemdikbud.go.id/sekolah/7E88C119A58105D03699                                                                                : 'NoneType' object has no attribute 'findAll'
2024-12-06 11:58:21,621 - Error pada link https://dapo.kemdikbud.go.id/sekolah/149532D0DB1807C9BBDB                                                                                : list index out of range
2024-12-06 12:01:15,692 - Error pada link https://dapo.kemdikbud.go.id/sekolah/D40D302894AE60769A64                                                                                : Elemen 'container isi' tidak ditemukan.
2024-12-06 12:01:39,580 - Error pada link https://dapo.kemdikbud.go.id/sekolah/5B3CEE4DF2C1712E8A64                                                                                : 'NoneType' object has no attribute 'find_all'
2024-12-06 12:04:04,735 - Error pada link https://dapo.kemdikbud.go.id/sekolah/CCCD498E41FA789C4AC4                                                                                : list index out of range
2024-12-06 12:08:51,202 - Error pada link https://dapo.kemdikbud.go.id/sekolah/9DEC1070956F5FAADBC3                                                                                : 'NoneType' object has no attribute 'get_text'
2024-12-06 12:09:54,648 - Error pada link https://dapo.kemdikbud.go.id/sekolah/7F76DC89EA2975F452D8                                                                                : list index out of range
2024-12-06 12:10:18,531 - Error pada link https://dapo.kemdikbud.go.id/sekolah/B127297F120D8E21BFD9                                                                                : 'NoneType' object has no attribute 'get_text'
2024-12-06 12:10:58,291 - Error pada link https://dapo.kemdikbud.go.id/sekolah/6A90D762E8474B5F94B0                                                                                : 'NoneType' object has no attribute 'get_text'
2024-12-06 12:11:23,144 - Error pada link https://dapo.kemdikbud.go.id/sekolah/D82381A79A839BC8BD3E                                                                                : 'NoneType' object has no attribute 'get_text'
2024-12-06 12:11:47,485 - Error pada link https://dapo.kemdikbud.go.id/sekolah/5764E1E5E99E7A91931F                                                                                : 'NoneType' object has no attribute 'get_text'
2024-12-06 12:15:16,912 - Error pada link https://dapo.kemdikbud.go.id/sekolah/F39470F664AFBF6B55B6                                                                                : 'NoneType' object has no attribute 'find_all'
2024-12-06 12:18:58,550 - Error pada link https://dapo.kemdikbud.go.id/sekolah/5E4AEC35449B4DCB601B                                                                                : Elemen 'container isi' tidak ditemukan.
2024-12-06 12:19:21,254 - Error pada link https://dapo.kemdikbud.go.id/sekolah/34CB309316C8B4753E9D                                                                                : list index out of range
2024-12-06 12:20:06,887 - Error pada link https://dapo.kemdikbud.go.id/sekolah/AFE4534236515CBFF948                                                                                : 'NoneType' object has no attribute 'get_text'
2024-12-06 12:21:50,150 - Error pada link https://dapo.kemdikbud.go.id/sekolah/BA9A25998EC9220E7524                                                                                : 'NoneType' object has no attribute 'findAll'
2024-12-06 12:23:52,464 - Error pada link https://dapo.kemdikbud.go.id/sekolah/D4DDCD0C10310E2BF440                                                                                : Elemen 'container isi' tidak ditemukan.
2024-12-06 12:31:26,180 - Error pada link https://dapo.kemdikbud.go.id/sekolah/1CAE15961EBAE2237EEF                                                                                : 'NoneType' object has no attribute 'get_text'
2024-12-06 12:33:23,423 - Error pada link https://dapo.kemdikbud.go.id/sekolah/D283AE7C4D75319A552C                                                                                : Elemen 'container isi' tidak ditemukan.
2024-12-06 12:34:01,350 - Error pada link https://dapo.kemdikbud.go.id/sekolah/65DFC4F359B4A500C7A0                                                                                : 'NoneType' object has no attribute 'find_all'
2024-12-06 12:39:30,033 - Error pada link https://dapo.kemdikbud.go.id/sekolah/DAADBACC9A9E25D9368F                                                                                : 'NoneType' object has no attribute 'findAll'
2024-12-06 12:40:35,373 - Error pada link https://dapo.kemdikbud.go.id/sekolah/82828CD0DB346DC31E53                                                                                : 'NoneType' object has no attribute 'get_text'
2024-12-06 12:42:11,389 - Error pada link https://dapo.kemdikbud.go.id/sekolah/EEEB8C96AB84615EA614                                                                                : 'NoneType' object has no attribute 'findAll'
2024-12-06 12:49:12,199 - Error pada link https://dapo.kemdikbud.go.id/sekolah/D2688BDB8579E2AB6578                                                                                : Elemen 'container isi' tidak ditemukan.
2024-12-06 12:50:26,760 - Error pada link https://dapo.kemdikbud.go.id/sekolah/1475FA65B818626F09E2                                                                                : 'NoneType' object has no attribute 'find_all'
2024-12-06 12:54:52,061 - Error pada link https://dapo.kemdikbud.go.id/sekolah/6EACC33B52079E9F44C6                                                                                : list index out of range
2024-12-06 12:56:50,242 - Error pada link https://dapo.kemdikbud.go.id/sekolah/462842236E163E4A1AF0                                                                                : 'NoneType' object has no attribute 'findAll'
2024-12-06 12:58:08,734 - Error pada link https://dapo.kemdikbud.go.id/sekolah/4DC7BC91773A036D1824                                                                                : 'NoneType' object has no attribute 'get_text'
2024-12-06 13:07:01,453 - Error pada link https://dapo.kemdikbud.go.id/sekolah/3D78B2D4F6005C6FDEF1                                                                                : list index out of range
2024-12-06 13:09:34,418 - Error pada link https://dapo.kemdikbud.go.id/sekolah/D5A2CDAF4E31B43ED0EF                                                                                : Elemen 'container isi' tidak ditemukan.
2024-12-06 13:12:52,512 - Error pada link https://dapo.kemdikbud.go.id/sekolah/EF3B772042C1D4C0EBEE                                                                                : 'NoneType' object has no attribute 'get_text'
2024-12-06 13:13:25,941 - Error pada link https://dapo.kemdikbud.go.id/sekolah/A13E2B45E802059CFD94                                                                                : 'NoneType' object has no attribute 'get_text'
2024-12-06 13:17:59,907 - Error pada link https://dapo.kemdikbud.go.id/sekolah/2B640B13E85AC75E8B7E                                                                                : Elemen 'container isi' tidak ditemukan.
2024-12-06 13:23:22,189 - Error pada link https://dapo.kemdikbud.go.id/sekolah/F4A06AD8B93D31E61D0C                                                                                : 'NoneType' object has no attribute 'get_text'
2024-12-06 13:27:25,384 - Error pada link https://dapo.kemdikbud.go.id/sekolah/2F8CF5B5C7E0C1B251F8                                                                                : Elemen 'container isi' tidak ditemukan.
2024-12-06 13:29:36,133 - Error pada link https://dapo.kemdikbud.go.id/sekolah/9F02BB126268D1E4A172                                                                                : 'NoneType' object has no attribute 'findAll'
2024-12-06 13:29:57,963 - Error pada link https://dapo.kemdikbud.go.id/sekolah/02AD658C6A31B4295C0B                                                                                : 'NoneType' object has no attribute 'find_all'
2024-12-06 13:30:10,593 - Error pada link https://dapo.kemdikbud.go.id/sekolah/BB5DCA3C38885583A8FF                                                                                : list index out of range
2024-12-06 13:33:50,233 - Error pada link https://dapo.kemdikbud.go.id/sekolah/B8104795C1B9067D9DDB                                                                                : 'NoneType' object has no attribute 'find_all'
2024-12-06 13:35:18,453 - Error pada link https://dapo.kemdikbud.go.id/sekolah/5FCC0E836F2295C9ABA5                                                                                : 'NoneType' object has no attribute 'findAll'
2024-12-06 13:36:08,568 - Error pada link https://dapo.kemdikbud.go.id/sekolah/59528095BBF20507E31F                                                                                : 'NoneType' object has no attribute 'get_text'
2024-12-06 13:37:23,307 - Error pada link https://dapo.kemdikbud.go.id/sekolah/30128838999546F8927B                                                                                : Elemen 'container isi' tidak ditemukan.
2024-12-06 13:37:44,207 - Error pada link https://dapo.kemdikbud.go.id/sekolah/8251E31DF54A508BF91F                                                                                : Elemen 'container isi' tidak ditemukan.
2024-12-06 13:39:57,262 - Error pada link https://dapo.kemdikbud.go.id/sekolah/7D64F335433AB5679724                                                                                : 'NoneType' object has no attribute 'findAll'
2024-12-06 13:43:59,842 - Error pada link https://dapo.kemdikbud.go.id/sekolah/2AE7AA098AB829CAECDA                                                                                : 'NoneType' object has no attribute 'find_all'
2024-12-06 13:47:45,410 - Error pada link https://dapo.kemdikbud.go.id/sekolah/AD9069347824DDEAF18F                                                                                : 'NoneType' object has no attribute 'find_all'
2024-12-06 13:50:31,173 - Error pada link https://dapo.kemdikbud.go.id/sekolah/C71C4009CDC50794D526                                                                                : Elemen 'container isi' tidak ditemukan.
2024-12-06 13:53:09,260 - Error pada link https://dapo.kemdikbud.go.id/sekolah/0018C20E01F313DE0FF6                                                                                : Elemen 'container isi' tidak ditemukan.
2024-12-06 13:58:05,525 - Error pada link https://dapo.kemdikbud.go.id/sekolah/AEB6FCCE8401812F855C                                                                                : 'NoneType' object has no attribute 'findAll'
2024-12-06 14:01:26,037 - Error pada link https://dapo.kemdikbud.go.id/sekolah/9A87506D8F39CA2B82E5                                                                                : 'NoneType' object has no attribute 'findAll'
2024-12-06 14:02:25,367 - Error pada link https://dapo.kemdikbud.go.id/sekolah/0CCD2DF04A4DCA4DECC3                                                                                : Elemen 'container isi' tidak ditemukan.
2024-12-06 14:03:38,541 - Error pada link https://dapo.kemdikbud.go.id/sekolah/E8B5D658AC87E11C7802                                                                                : 'NoneType' object has no attribute 'find_all'
2024-12-06 14:04:19,020 - Error pada link https://dapo.kemdikbud.go.id/sekolah/B7C94835C124170518C4                                                                                : Elemen 'container isi' tidak ditemukan.
2024-12-06 14:04:37,671 - Error pada link https://dapo.kemdikbud.go.id/sekolah/75D282BCAE21D7C8F2E7                                                                                : 'NoneType' object has no attribute 'get_text'
2024-12-06 14:05:17,898 - Error pada link https://dapo.kemdikbud.go.id/sekolah/156415A4C88996ABEAFE                                                                                : 'NoneType' object has no attribute 'find_all'
2024-12-06 14:05:27,567 - Error pada link https://dapo.kemdikbud.go.id/sekolah/3CF3E9119E6A5963F7C3                                                                                : Elemen 'container isi' tidak ditemukan.
2024-12-06 14:06:54,307 - Error pada link https://dapo.kemdikbud.go.id/sekolah/1386583AD55F5C6ACE8E                                                                                : 'NoneType' object has no attribute 'findAll'
2024-12-06 14:08:05,343 - Error pada link https://dapo.kemdikbud.go.id/sekolah/963EE4DAFC37690AAC36                                                                                : Elemen 'container isi' tidak ditemukan.
2024-12-06 14:08:14,543 - Error pada link https://dapo.kemdikbud.go.id/sekolah/4373CD747F4D757F9A69                                                                                : 'NoneType' object has no attribute 'get_text'
2024-12-06 14:09:06,515 - Error pada link https://dapo.kemdikbud.go.id/sekolah/A039D27ED978A6CDEC93                                                                                : 'NoneType' object has no attribute 'findAll'
2024-12-06 14:13:10,469 - Error pada link https://dapo.kemdikbud.go.id/sekolah/5BE8CF6B9583658A6215                                                                                : 'NoneType' object has no attribute 'get_text'
2024-12-06 14:13:13,205 - Error pada link https://dapo.kemdikbud.go.id/sekolah/37EEF3B34DA23000990C                                                                                : 'NoneType' object has no attribute 'find_all'
2024-12-06 14:16:03,764 - Error pada link https://dapo.kemdikbud.go.id/sekolah/79F06958FF191FB6B3A8                                                                                : list index out of range
2024-12-06 14:18:21,468 - Error pada link https://dapo.kemdikbud.go.id/sekolah/400DA63D08E92C52B2C1                                                                                : 'NoneType' object has no attribute 'get_text'
2024-12-06 14:20:12,904 - Error pada link https://dapo.kemdikbud.go.id/sekolah/7975DE46D665DAD207AD                                                                                : 'NoneType' object has no attribute 'get_text'
2024-12-06 14:20:23,266 - Error pada link https://dapo.kemdikbud.go.id/sekolah/56AFF1FB8106F3564FD9                                                                                : 'NoneType' object has no attribute 'find_all'
2024-12-06 14:23:16,629 - Error pada link https://dapo.kemdikbud.go.id/sekolah/5EF5BF0FFDF501FD454F                                                                                : 'NoneType' object has no attribute 'find_all'
2024-12-06 14:26:57,123 - Error pada link https://dapo.kemdikbud.go.id/sekolah/58370DD985C90DF31B77                                                                                : 'NoneType' object has no attribute 'findAll'
2024-12-06 14:27:27,736 - Error pada link https://dapo.kemdikbud.go.id/sekolah/F449801F3F4FADFA82CE                                                                                : 'NoneType' object has no attribute 'findAll'
2024-12-06 14:28:24,935 - Error pada link https://dapo.kemdikbud.go.id/sekolah/C36E06A4CE7E25BEC0E8                                                                                : Elemen 'container isi' tidak ditemukan.
2024-12-06 14:32:07,446 - Error pada link https://dapo.kemdikbud.go.id/sekolah/2480E0BC673700CE494A                                                                                : Elemen 'container isi' tidak ditemukan.
2024-12-06 14:32:31,303 - Error pada link https://dapo.kemdikbud.go.id/sekolah/823FBD91FF066AE3451F                                                                                : Elemen 'container isi' tidak ditemukan.
2024-12-06 14:39:04,365 - Error pada link https://dapo.kemdikbud.go.id/sekolah/02BEC7DFCE18D49926E0                                                                                : Elemen 'container isi' tidak ditemukan.
2024-12-06 14:42:45,565 - Error pada link https://dapo.kemdikbud.go.id/sekolah/8903341C9B5EC7B9C92A                                                                                : 'NoneType' object has no attribute 'findAll'
2024-12-06 14:44:46,063 - Error pada link https://dapo.kemdikbud.go.id/sekolah/12CCA92A3CF899954C86                                                                                : 'NoneType' object has no attribute 'findAll'
2024-12-06 14:46:16,135 - Error pada link https://dapo.kemdikbud.go.id/sekolah/7D5FA9F78CA7E41F0AA0                                                                                : list index out of range
2024-12-06 14:54:01,056 - Error pada link https://dapo.kemdikbud.go.id/sekolah/6736E7903D9DA338B3EA                                                                                : 'NoneType' object has no attribute 'findAll'
2024-12-06 14:54:03,853 - Error pada link https://dapo.kemdikbud.go.id/sekolah/52A63B1CBF456F31DCE2                                                                                : 'NoneType' object has no attribute 'get_text'
2024-12-06 14:54:31,814 - Error pada link https://dapo.kemdikbud.go.id/sekolah/CC1F788551F222568ED8                                                                                : 'NoneType' object has no attribute 'findAll'
2024-12-06 14:59:49,224 - Error pada link https://dapo.kemdikbud.go.id/sekolah/2AA6D83E69E76E2E0266                                                                                : Elemen 'container isi' tidak ditemukan.
2024-12-06 15:00:24,183 - Error pada link https://dapo.kemdikbud.go.id/sekolah/0A564D5D191D65817CDA                                                                                : 'NoneType' object has no attribute 'get_text'
2024-12-06 15:01:33,351 - Error pada link https://dapo.kemdikbud.go.id/sekolah/C668475189F45B264319                                                                                : Elemen 'container isi' tidak ditemukan.
2024-12-06 15:03:45,097 - Error pada link https://dapo.kemdikbud.go.id/sekolah/471EAC826545B279B598                                                                                : Elemen 'container isi' tidak ditemukan.
2024-12-06 15:06:25,461 - Error pada link https://dapo.kemdikbud.go.id/sekolah/0018C20E01F313DE0FF6                                                                                : 'NoneType' object has no attribute 'get_text'
2024-12-06 15:07:36,828 - Error pada link https://dapo.kemdikbud.go.id/sekolah/59E66BCBD386BF804721                                                                                : 'NoneType' object has no attribute 'findAll'
2024-12-06 15:08:13,037 - Error pada link https://dapo.kemdikbud.go.id/sekolah/6313F8E00C470B0E22B8                                                                                : list index out of range
2024-12-06 15:08:25,051 - Error pada link https://dapo.kemdikbud.go.id/sekolah/0A564D5D191D65817CDA                                                                                : list index out of range
2024-12-06 15:11:18,629 - Error pada link https://dapo.kemdikbud.go.id/sekolah/F58909866BE2078BF01D                                                                                : 'NoneType' object has no attribute 'findAll'
2024-12-06 15:12:54,315 - Error pada link https://dapo.kemdikbud.go.id/sekolah/B7C18BE8EFC573AABB5A                                                                                : 'NoneType' object has no attribute 'get_text'
2024-12-06 15:18:01,149 - Error pada link https://dapo.kemdikbud.go.id/sekolah/B55D752F5B2CF52B91AC                                                                                : 'NoneType' object has no attribute 'find_all'
2024-12-06 15:18:25,469 - Error pada link https://dapo.kemdikbud.go.id/sekolah/3BD701B28FFDDB6E1E04                                                                                : 'NoneType' object has no attribute 'find_all'
2024-12-06 15:23:50,184 - Error pada link https://dapo.kemdikbud.go.id/sekolah/A02F6813092D5B124BC7                                                                                : 'NoneType' object has no attribute 'findAll'
2024-12-06 15:25:25,462 - Error pada link https://dapo.kemdikbud.go.id/sekolah/9FD3F3F47CA764E688D9                                                                                : Elemen 'container isi' tidak ditemukan.
2024-12-06 15:25:48,886 - Error pada link https://dapo.kemdikbud.go.id/sekolah/213BDAF7B0F5671633BC                                                                                : 'NoneType' object has no attribute 'findAll'
2024-12-06 15:26:06,146 - Error pada link https://dapo.kemdikbud.go.id/sekolah/E7BCAFFE9DC37A9BEBE4                                                                                : 'NoneType' object has no attribute 'find_all'
2024-12-06 15:35:04,527 - Error pada link https://dapo.kemdikbud.go.id/sekolah/34A27B3883D42811A683                                                                                : 'NoneType' object has no attribute 'get_text'
2024-12-06 15:35:42,774 - Error pada link https://dapo.kemdikbud.go.id/sekolah/404C00141DA6BBE6D512                                                                                : Elemen 'container isi' tidak ditemukan.
2024-12-06 15:36:17,428 - Error pada link https://dapo.kemdikbud.go.id/sekolah/47BCEAF92F900B98246F                                                                                : Elemen 'container isi' tidak ditemukan.
2024-12-06 15:38:06,899 - Error pada link https://dapo.kemdikbud.go.id/sekolah/10FE6F86A3F7F5E16A17                                                                                : list index out of range
2024-12-06 15:39:23,487 - Error pada link https://dapo.kemdikbud.go.id/sekolah/7D4A928BB685503F8595                                                                                : 'NoneType' object has no attribute 'findAll'
2024-12-06 15:40:13,576 - Error pada link https://dapo.kemdikbud.go.id/sekolah/A18B1AF79F0F3BFE75D3                                                                                : Elemen 'container isi' tidak ditemukan.
2024-12-06 15:48:25,087 - Error pada link https://dapo.kemdikbud.go.id/sekolah/BAD6EB33030C7C6A83CC                                                                                : 'NoneType' object has no attribute 'get_text'
